Log file open, 04/05/23 20:39:13
LogICUInternationalization: ICU TimeZone Detection - Raw Offset: -8:00, Platform Override: ''
LogInit: Build: ++UE5+Release-5.1-CL-0
LogInit: Engine Version: 5.1.1-0+++UE5+Release-5.1
LogInit: Compatible Engine Version: 5.1.0-0+++UE5+Release-5.1
LogInit: Net CL: 0
LogInit: OS: Linux Mint 21.1 (6.2.9-x64v3-xanmod1), CPU: AMD Ryzen 5 5600X 6-Core Processor, GPU: NVIDIA GeForce RTX 3060 Ti (NVIDIA UNIX x86_64 Kernel Module  525.89.02  Wed Feb  1 23:23:25 UTC 2023)
LogInit: Compiled (64-bit): Mar  9 2023 18:13:14
LogInit: Compiled with Clang: 13.0.1 
LogInit: Build Configuration: Shipping
LogInit: Branch Name: ++UE5+Release-5.1
LogInit: Command Line:  -Abslog="/home/long/Desktop/Spring2023/CPSC 491/proj/Typopatamus/Hippopatamus/Saved/Logs/Hippopatamus_2-CRC.log" "/home/long/Desktop/Spring2023/CPSC 491/proj/Typopatamus/Hippopatamus/Saved/Crashes/crashinfo-Hippopatamus-pid-31841-74286C999365496FBDDBCFA08A08C025/"
LogInit: Base Directory: /home/long/UnrealEngine-release/Engine/Binaries/Linux/
LogInit: Allocator: Mimalloc
LogInit: Installed Engine Build: 1
LogInit: Presizing for max 100000 objects, including 0 objects not considered by GC, pre-allocating 0 bytes for permanent pool.
LogInit: Object subsystem initialized
LogConfig: Applying CVar settings from Section [ConsoleVariables] File [Engine]
[2023.04.06-03.39.13:212][  0]LogInit: Unix hardware info:
[2023.04.06-03.39.13:212][  0]LogInit:  - we are the first instance of this executable
[2023.04.06-03.39.13:212][  0]LogInit:  - this process' id (pid) is 47388, parent process' id (ppid) is 31841
[2023.04.06-03.39.13:212][  0]LogInit:  - we are not running under debugger
[2023.04.06-03.39.13:212][  0]LogInit:  - machine network name is 'Long'
[2023.04.06-03.39.13:212][  0]LogInit:  - user name is 'long' (long)
[2023.04.06-03.39.13:212][  0]LogInit:  - we're logged in locally
[2023.04.06-03.39.13:212][  0]LogInit:  - we're running with rendering
[2023.04.06-03.39.13:212][  0]LogInit:  - CPU: AuthenticAMD 'AMD Ryzen 5 5600X 6-Core Processor' (signature: 0xA20F10)
[2023.04.06-03.39.13:212][  0]LogInit:  - Number of physical cores available for the process: 6
[2023.04.06-03.39.13:212][  0]LogInit:  - Number of logical cores available for the process: 12
[2023.04.06-03.39.13:212][  0]LogInit:  - Cache line size: 64
[2023.04.06-03.39.13:212][  0]LogInit:  - GPU Brand Info: NVIDIA GeForce RTX 3060 Ti (NVIDIA UNIX x86_64 Kernel Module  525.89.02  Wed Feb  1 23:23:25 UTC 2023)
[2023.04.06-03.39.13:212][  0]LogInit:  - Memory allocator used: Mimalloc
[2023.04.06-03.39.13:212][  0]LogInit:  - This binary is optimized with LTO: no, PGO: no, instrumented for PGO data collection: no
[2023.04.06-03.39.13:212][  0]LogInit:  - This is an internal build.
[2023.04.06-03.39.13:212][  0]LogCore: Skipped benchmarking clocks because the engine is running in a standalone program mode - CLOCK_MONOTONIC will be used.
[2023.04.06-03.39.13:212][  0]LogInit: Unix-specific commandline switches:
[2023.04.06-03.39.13:212][  0]LogInit:  -ansimalloc - use malloc()/free() from libc (useful for tools like valgrind and electric fence)
[2023.04.06-03.39.13:212][  0]LogInit:  -jemalloc - use jemalloc for all memory allocation
[2023.04.06-03.39.13:212][  0]LogInit:  -binnedmalloc - use binned malloc  for all memory allocation
[2023.04.06-03.39.13:212][  0]LogInit:  -filemapcachesize=NUMBER - set the size for case-sensitive file mapping cache
[2023.04.06-03.39.13:212][  0]LogInit:  -useksm - uses kernel same-page mapping (KSM) for mapped memory (OFF)
[2023.04.06-03.39.13:212][  0]LogInit:  -ksmmergeall - marks all mmap'd memory pages suitable for KSM (OFF)
[2023.04.06-03.39.13:212][  0]LogInit:  -preloadmodulesymbols - Loads the main module symbols file into memory (OFF)
[2023.04.06-03.39.13:212][  0]LogInit:  -sigdfl=SIGNAL - Allows a specific signal to be set to its default handler rather then ignoring the signal
[2023.04.06-03.39.13:212][  0]LogInit:  -crashhandlerstacksize - Allows setting crash handler stack sizes (204800)
[2023.04.06-03.39.13:212][  0]LogInit:  -noexclusivelockonwrite - disables marking files created by the engine as exclusive locked while the engine has them opened
[2023.04.06-03.39.13:212][  0]LogInit:  -httpproxy=ADDRESS:PORT - redirects HTTP requests to a proxy (only supported if compiled with libcurl)
[2023.04.06-03.39.13:212][  0]LogInit:  -reuseconn - allow libcurl to reuse HTTP connections (only matters if compiled with libcurl)
[2023.04.06-03.39.13:212][  0]LogInit:  -virtmemkb=NUMBER - sets process virtual memory (address space) limit (overrides VirtualMemoryLimitInKB value from .ini)
[2023.04.06-03.39.13:212][  0]LogInit:  - Physical RAM available (not considering process quota): 32 GB (32012 MB, 32780508 KB, 33567240192 bytes)
[2023.04.06-03.39.13:212][  0]LogInit:  - VirtualMemoryAllocator pools will grow at scale 1.4
[2023.04.06-03.39.13:212][  0]LogInit:  - MemoryRangeDecommit() will be a no-op (re-run with -vmapoolevict to change)
[2023.04.06-03.39.13:212][  0]LogInit:  - PageSize 4096
[2023.04.06-03.39.13:212][  0]LogInit:  - BinnedPageSize 65536
[2023.04.06-03.39.13:215][  0]LogUObjectArray: 419 objects as part of root set at end of initial load.
[2023.04.06-03.39.13:215][  0]LogUObjectAllocator: 89024 out of 0 bytes used by permanent object pool.
[2023.04.06-03.39.13:215][  0]LogUObjectArray: CloseDisregardForGC: 0/0 objects in disregard for GC pool
[2023.04.06-03.39.13:215][  0]LogInit: Using OS detected language (en-US).
[2023.04.06-03.39.13:215][  0]LogInit: Using OS detected locale (en-US).
[2023.04.06-03.39.13:215][  0]LogTextLocalizationManager: No specific localization for 'en-US' exists, so 'en' will be used for the language.
[2023.04.06-03.39.13:231][  0]LogInit: Using OS detected language (en-US).
[2023.04.06-03.39.13:231][  0]LogInit: Using OS detected locale (en-US).
[2023.04.06-03.39.13:231][  0]LogTextLocalizationManager: No localization for 'en-US' exists, so 'en' will be used for the language.
[2023.04.06-03.39.13:231][  0]LogTextLocalizationManager: No localization for 'en-US' exists, so 'en' will be used for the locale.
[2023.04.06-03.39.13:231][  0]LogPackageLocalizationCache: Processed 2 localized package path(s) for 1 prioritized culture(s) in 0.000016 seconds
[2023.04.06-03.39.13:231][  0]CrashReportCoreLog: CrashReportClientVersion=1.0
[2023.04.06-03.39.13:231][  0]CrashReportCoreLog: CrashReportReceiver disabled
[2023.04.06-03.39.13:231][  0]CrashReportCoreLog: DataRouterUrl: https://datarouter.ol.epicgames.com/datarouter/api/v1/public/data
[2023.04.06-03.39.13:232][  0]LogInit: Initializing SDL.
[2023.04.06-03.39.13:322][  0]LogInit: Initialized SDL 2.0.20 revision:  (compiled against 2.0.20)
[2023.04.06-03.39.13:322][  0]LogInit: Using SDL video driver 'x11'
[2023.04.06-03.39.13:333][  0]LogSlate: New Slate User Created. Platform User Id 0, User Index 0, Is Virtual User: 0
[2023.04.06-03.39.13:333][  0]LogSlate: Slate User Registered.  User Index 0, Is Virtual User: 0
[2023.04.06-03.39.13:335][  0]LogSlate: Using FreeType 2.10.0
[2023.04.06-03.39.13:336][  0]LogSlate: SlateFontServices - WITH_FREETYPE: 1, WITH_HARFBUZZ: 1
[2023.04.06-03.39.13:336][  0]LogInit: Using SDL_WINDOW_OPENGL
[2023.04.06-03.39.13:347][  0]LogInit: FSlateOpenGLContext::Initialize - creating OpenGL 2.1 context
[2023.04.06-03.39.13:428][  0]CrashReportCoreLog: Initial state = Unknown UploadState value
[2023.04.06-03.39.13:428][  0]CrashReportCoreLog: Initial state = Unknown UploadState value
[2023.04.06-03.39.13:441][  0]LogInit: FSlateOpenGLContext::Initialize - creating OpenGL 2.1 context
[2023.04.06-03.39.13:450][  0]LogSlate: Took 0.000056 seconds to synchronously load lazily loaded font '../../../Engine/Content/Slate/Fonts/Roboto-Regular.ttf' (155K)
[2023.04.06-03.39.13:450][  0]LogSlate: Took 0.000036 seconds to synchronously load lazily loaded font '../../../Engine/Content/Slate/Fonts/Roboto-Bold.ttf' (160K)
[2023.04.06-03.39.13:452][  0]LogSlate: Took 0.000031 seconds to synchronously load lazily loaded font '../../../Engine/Content/Slate/Fonts/Roboto-Italic.ttf' (157K)
[2023.04.06-03.39.21:865][  0]CrashReportCoreLog: Got 4 pending files to upload from 'crashinfo-Hippopatamus-pid-31841-74286C999365496FBDDBCFA08A08C025'
[2023.04.06-03.39.21:865][  0]CrashReportCoreLog: State change from Ready to SendingFiles
[2023.04.06-03.39.21:865][  0]CrashReportCoreLog: CompressAndSendData have 4 pending files
[2023.04.06-03.39.21:865][  0]CrashReportCoreLog: CompressAndSendData compressing 176663 bytes ('/home/long/Desktop/Spring2023/CPSC 491/proj/Typopatamus/Hippopatamus/Saved/Crashes/crashinfo-Hippopatamus-pid-31841-74286C999365496FBDDBCFA08A08C025/Hippopatamus_2.log')
[2023.04.06-03.39.21:865][  0]CrashReportCoreLog: CompressAndSendData compressing 16778 bytes ('/home/long/Desktop/Spring2023/CPSC 491/proj/Typopatamus/Hippopatamus/Saved/Crashes/crashinfo-Hippopatamus-pid-31841-74286C999365496FBDDBCFA08A08C025/Diagnostics.txt')
[2023.04.06-03.39.21:865][  0]CrashReportCoreLog: CompressAndSendData compressing 49809 bytes ('/home/long/Desktop/Spring2023/CPSC 491/proj/Typopatamus/Hippopatamus/Saved/Crashes/crashinfo-Hippopatamus-pid-31841-74286C999365496FBDDBCFA08A08C025/CrashContext.runtime-xml')
[2023.04.06-03.39.21:865][  0]CrashReportCoreLog: CompressAndSendData compressing 133 bytes ('/home/long/Desktop/Spring2023/CPSC 491/proj/Typopatamus/Hippopatamus/Saved/Crashes/crashinfo-Hippopatamus-pid-31841-74286C999365496FBDDBCFA08A08C025/CrashReportClient.ini')
[2023.04.06-03.39.21:885][  0]LogInit: Using libcurl 7.83.1
[2023.04.06-03.39.21:885][  0]LogInit:  - built for Linux
[2023.04.06-03.39.21:885][  0]LogInit:  - supports SSL with OpenSSL/1.1.1n
[2023.04.06-03.39.21:885][  0]LogInit:  - supports HTTP deflate (compression) using libz 1.2.12
[2023.04.06-03.39.21:885][  0]LogInit:  - other features:
[2023.04.06-03.39.21:885][  0]LogInit:      CURL_VERSION_SSL
[2023.04.06-03.39.21:885][  0]LogInit:      CURL_VERSION_LIBZ
[2023.04.06-03.39.21:885][  0]LogInit:      CURL_VERSION_IPV6
[2023.04.06-03.39.21:885][  0]LogInit:      CURL_VERSION_ASYNCHDNS
[2023.04.06-03.39.21:885][  0]LogInit:      CURL_VERSION_LARGEFILE
[2023.04.06-03.39.21:885][  0]LogInit:  CurlRequestOptions (configurable via config and command line):
[2023.04.06-03.39.21:885][  0]LogInit:  - bVerifyPeer = false  - Libcurl will NOT verify peer certificate
[2023.04.06-03.39.21:885][  0]LogInit:  - bUseHttpProxy = false  - Libcurl will NOT use HTTP proxy
[2023.04.06-03.39.21:885][  0]LogInit:  - bDontReuseConnections = false  - Libcurl will reuse connections
[2023.04.06-03.39.21:885][  0]LogInit:  - MaxHostConnections = 16  - Libcurl will limit the number of connections to a host
[2023.04.06-03.39.21:885][  0]LogInit:  - LocalHostAddr = Default
[2023.04.06-03.39.21:885][  0]LogInit:  - BufferSize = 65536
[2023.04.06-03.39.21:885][  0]CrashReportCoreLog: Sending HTTP request: https://datarouter.ol.epicgames.com/datarouter/api/v1/public/data?AppID=CrashReporter&AppVersion=5.1.1-0%2B%2B%2BUE5%2BRelease-5.1&AppEnvironment=Release&UploadType=crashreports&UserID=e7d0df732b0649e49e97a4d764308014-000003e8%7C%7Ce7d0df732b0649e49e97a4d764308014
[2023.04.06-03.39.22:398][  0]CrashReportCoreLog: OnProcessRequestComplete(), State=SendingFiles bSucceeded=1
[2023.04.06-03.39.22:398][  0]CrashReportCoreLog: State change from SendingFiles to SendingFiles
[2023.04.06-03.39.22:398][  0]CrashReportCoreLog: All uploads done
[2023.04.06-03.39.22:398][  0]CrashReportCoreLog: State change from SendingFiles to Finished
[2023.04.06-03.39.22:899][  0]LogSlate: Request Window 'Hippopatamus Crash Reporter' being destroyed
[2023.04.06-03.39.22:899][  0]LogSlate: Window 'Hippopatamus Crash Reporter' being destroyed
[2023.04.06-03.39.22:903][  0]LogCore: Engine exit requested (reason: OnRequestExit)
[2023.04.06-03.39.22:904][  0]CrashReportCoreLog: Final state (Receiver) = Finished
[2023.04.06-03.39.22:904][  0]CrashReportCoreLog: Final state (Receiver) = Unknown UploadState value
[2023.04.06-03.39.22:907][  0]LogSlate: Slate User Destroyed.  User Index 0, Is Virtual User: 0
[2023.04.06-03.39.22:907][  0]LogCore: Engine exit requested (reason: CrashReportClientApp RequestExit; note: exit was already requested)
[2023.04.06-03.39.22:907][  0]LogExit: Preparing to exit.
[2023.04.06-03.39.22:908][  0]LogExit: Object subsystem successfully closed.
[2023.04.06-03.39.22:911][  0]LogModuleManager: Shutting down and abandoning module HTTP (14)
[2023.04.06-03.39.22:928][  0]LogModuleManager: Shutting down and abandoning module SSL (13)
[2023.04.06-03.39.22:929][  0]LogModuleManager: Shutting down and abandoning module ImageWrapper (10)
[2023.04.06-03.39.22:929][  0]LogModuleManager: Shutting down and abandoning module InputCore (8)
[2023.04.06-03.39.22:929][  0]LogModuleManager: Shutting down and abandoning module CoreUObject (6)
[2023.04.06-03.39.22:929][  0]LogModuleManager: Shutting down and abandoning module PakFile (4)
[2023.04.06-03.39.22:929][  0]LogModuleManager: Shutting down and abandoning module RSA (3)
[2023.04.06-03.39.22:929][  0]LogExit: Exiting.
[2023.04.06-03.39.22:929][  0]LogInit: Tearing down SDL.
[2023.04.06-03.39.22:938][  0]Log file closed, 04/05/23 20:39:22
